<?xml version="1.0" encoding="UTF-8"?>
<!-- Generated by org.testng.reporters.JUnitReportReporter -->
<testsuite hostname="HP" failures="0" tests="5" name="testCases.TC003_LoginDDT" time="45.499" errors="0" timestamp="2025-01-24T14:28:51 IST" skipped="0">
  <testcase classname="testCases.TC003_LoginDDT" name="verify_loginDDT" time="10.990"/>
  <testcase classname="testCases.TC003_LoginDDT" name="verify_loginDDT" time="10.886"/>
  <testcase classname="testCases.TC003_LoginDDT" name="verify_loginDDT" time="1.626"/>
  <testcase classname="testCases.TC003_LoginDDT" name="verify_loginDDT" time="10.979"/>
  <testcase classname="testCases.TC003_LoginDDT" name="verify_loginDDT" time="11.018"/>
</testsuite> <!-- testCases.TC003_LoginDDT -->
