<?xml version="1.0" encoding="UTF-8"?>
<!-- Generated by org.testng.reporters.JUnitReportReporter -->
<testsuite hostname="HP" failures="0" tests="1" name="testCases.TC002_AccountLoginTest" time="2.069" errors="0" timestamp="2025-01-29T18:54:06 IST" skipped="0">
  <testcase classname="testCases.TC002_AccountLoginTest" name="verify_login" time="2.069"/>
</testsuite> <!-- testCases.TC002_AccountLoginTest -->
